<?xml version="1.0" encoding="UTF-8"?>
<testsuite name="RollTest" tests="2" skipped="0" failures="0" errors="0" timestamp="2021-07-07T21:30:37" hostname="DESKTOP-N2AL6VB" time="0.029">
  <properties/>
  <testcase name="fail if more than five dices()" classname="RollTest" time="0.028"/>
  <testcase name="fail if less than five dices()" classname="RollTest" time="0.0"/>
  <system-out><![CDATA[]]></system-out>
  <system-err><![CDATA[]]></system-err>
</testsuite>
